<?xml version="1.0" encoding="UTF-8"?>
<!-- Generated by org.testng.reporters.JUnitXMLReporter -->
<testsuite hostname="DESKTOP-GOMLB3N" ignored="4" name="Test" tests="3" failures="2" timestamp="2022-07-17T14:34:24 IST" time="52.194" errors="0">
  <testcase name="rediffCheckBox" time="5.949" classname="day1.FirstScript_Test"/>
  <testcase name="scrollMethod" time="0.003" classname="day1.DemoScrolling">
    <failure type="java.lang.NullPointerException">
      <![CDATA[java.lang.NullPointerException
at day1.DemoScrolling.scrollMethod(DemoScrolling.java:16)
at java.util.ArrayList.forEach(Unknown Source)
... Removed 31 stack frames]]>
    </failure>
  </testcase> <!-- scrollMethod -->
  <testcase name="dropdownElement" time="0.003" classname="day1.SecondScript">
    <failure type="java.lang.NullPointerException">
      <![CDATA[java.lang.NullPointerException
at day1.SecondScript.dropdownElement(SecondScript.java:18)
at java.util.ArrayList.forEach(Unknown Source)
... Removed 31 stack frames]]>
    </failure>
  </testcase> <!-- dropdownElement -->
  <testcase name="@BeforeTest beforeTest" time="0.0" classname="helper.BaseClass">
    <ignored/>
  </testcase> <!-- @BeforeTest beforeTest -->
  <testcase name="@BeforeTest beforeTest" time="0.0" classname="helper.BaseClass">
    <ignored/>
  </testcase> <!-- @BeforeTest beforeTest -->
  <testcase name="@AfterTest afterTest" time="0.0" classname="helper.BaseClass">
    <ignored/>
  </testcase> <!-- @AfterTest afterTest -->
  <testcase name="@AfterTest afterTest" time="0.0" classname="helper.BaseClass">
    <ignored/>
  </testcase> <!-- @AfterTest afterTest -->
</testsuite> <!-- Test -->
