<?xml version="1.0" encoding="UTF-8"?>
<testng-results skipped="0" failed="0" ignored="0" total="1" passed="1">
  <reporter-output>
  </reporter-output>
  <suite name="Surefire suite" duration-ms="68375" started-at="2022-07-25T11:22:25 IST" finished-at="2022-07-25T11:23:33 IST">
    <groups>
    </groups>
    <test name="Surefire test" duration-ms="68375" started-at="2022-07-25T11:22:25 IST" finished-at="2022-07-25T11:23:33 IST">
      <class name="day1.FirstScript_Test">
        <test-method status="PASS" signature="beforeTest()[pri:0, instance:day1.FirstScript_Test@5be6e01c]" name="beforeTest" is-config="true" duration-ms="52407" started-at="2022-07-25T11:22:25 IST" finished-at="2022-07-25T11:23:17 IST">
          <reporter-output>
          </reporter-output>
        </test-method> <!-- beforeTest -->
        <test-method status="PASS" signature="rediffCheckBox()[pri:0, instance:day1.FirstScript_Test@5be6e01c]" name="rediffCheckBox" duration-ms="10407" started-at="2022-07-25T11:23:18 IST" description="Checking CheckBox Status" finished-at="2022-07-25T11:23:28 IST">
          <reporter-output>
          </reporter-output>
        </test-method> <!-- rediffCheckBox -->
        <test-method status="PASS" signature="afterTest()[pri:0, instance:day1.FirstScript_Test@5be6e01c]" name="afterTest" is-config="true" duration-ms="2900" started-at="2022-07-25T11:23:30 IST" finished-at="2022-07-25T11:23:33 IST">
          <reporter-output>
          </reporter-output>
        </test-method> <!-- afterTest -->
      </class> <!-- day1.FirstScript_Test -->
    </test> <!-- Surefire test -->
  </suite> <!-- Surefire suite -->
</testng-results>
